Arguments: 
  C:\Program Files\nodejs\node.exe C:\Program Files (x86)\Yarn\bin\yarn.js init

PATH: 
  C:\WINDOWS\system32;C:\WINDOWS;C:\WINDOWS\System32\Wbem;C:\WINDOWS\System32\WindowsPowerShell\v1.0\;C:\WINDOWS\System32\OpenSSH\;C:\ProgramData\chocolatey\bin;C:\Program Files (x86)\Yarn\bin\;C:\Program Files\Git\cmd;C:\Program Files\Java\jdk1.8.0_231\bin;C:\Users\celin\AppData\Roaming\nvm;C:\Program Files\nodejs;C:\Android\Sdk\platform-tools;C:\Android\Sdk\tools;C:\Android\Sdk\tools\bin;;C:\Program Files\Docker\Docker\resources\bin;C:\ProgramData\DockerDesktop\version-bin;C:\Users\celin\AppData\Local\Microsoft\WindowsApps;C:\Users\celin\AppData\Local\Yarn\bin;C:\Users\celin\AppData\Local\Programs\Microsoft VS Code\bin;C:\Users\celin\AppData\Local\GitHubDesktop\bin;C:\Android\Sdk\platform-tools;C:\Android\Sdk\tools;C:\Users\celin\AppData\Roaming\npm;C:\Users\celin\AppData\Roaming\nvm;C:\Program Files\nodejs;C:\src\flutter\bin;C:\Program Files (x86)\Sophos\Sophos SSL VPN Client\bin;C:\Users\celin\Downloads\php-7.4.7-nts-Win32-vc15-x64;C:\Users\celin\AppData\Local\Microsoft\WindowsApps;

Yarn version: 
  1.19.1

Node version: 
  10.19.0

Platform: 
  win32 x64

Trace: 
  Error: canceled
      at Interface.<anonymous> (C:\Program Files (x86)\Yarn\lib\cli.js:136824:13)
      at Interface.emit (events.js:198:13)
      at Interface._ttyWrite (readline.js:801:16)
      at ReadStream.onkeypress (readline.js:184:10)
      at ReadStream.emit (events.js:198:13)
      at emitKeys (internal/readline.js:424:14)
      at emitKeys.next (<anonymous>)
      at ReadStream.onData (readline.js:1073:36)
      at ReadStream.emit (events.js:198:13)
      at addChunk (_stream_readable.js:288:12)

npm manifest: 
  No manifest

yarn manifest: 
  No manifest

Lockfile: 
  No lockfile
